[debug] [2022-07-03T22:04:47.265Z] ----------------------------------------------------------------------
[debug] [2022-07-03T22:04:47.267Z] Command:       C:\Program Files\nodejs\node.exe C:\Users\kulde\AppData\Roaming\npm\node_modules\firebase-tools\lib\bin\firebase.js init
[debug] [2022-07-03T22:04:47.267Z] CLI Version:   11.2.0
[debug] [2022-07-03T22:04:47.267Z] Platform:      win32
[debug] [2022-07-03T22:04:47.267Z] Node Version:  v16.15.1
[debug] [2022-07-03T22:04:47.268Z] Time:          Mon Jul 04 2022 03:34:47 GMT+0530 (India Standard Time)
[debug] [2022-07-03T22:04:47.269Z] ----------------------------------------------------------------------
[debug] 
[debug] [2022-07-03T22:04:47.315Z] > command requires scopes: ["email","openid","https://www.googleapis.com/auth/cloudplatformprojects.readonly","https://www.googleapis.com/auth/firebase","https://www.googleapis.com/auth/cloud-platform"]
[debug] [2022-07-03T22:04:47.315Z] > authorizing via signed-in user (kuldeep.msvm@gmail.com)
[info] 
     ######## #### ########  ######## ########     ###     ######  ########
     ##        ##  ##     ## ##       ##     ##  ##   ##  ##       ##
     ######    ##  ########  ######   ########  #########  ######  ######
     ##        ##  ##    ##  ##       ##     ## ##     ##       ## ##
     ##       #### ##     ## ######## ########  ##     ##  ######  ########

You're about to initialize a Firebase project in this directory:

  C:\Users\kulde\Documents\personal\whatsapp-clone

Before we get started, keep in mind:

  * You are initializing within an existing Firebase project directory

[info] 
=== Project Setup
[info] 
[info] First, let's associate this project directory with a Firebase project.
[info] You can create multiple project aliases by running firebase use --add, 
[info] but for now we'll just set up a default project.
[info] 
[debug] [2022-07-03T22:04:59.324Z] Using project from CLI flag: whatsapp-clone-2384a
[debug] [2022-07-03T22:04:59.326Z] >>> [apiv2][query] GET https://firebase.googleapis.com/v1beta1/projects/whatsapp-clone-2384a [none]
[debug] [2022-07-03T22:05:00.506Z] <<< [apiv2][status] GET https://firebase.googleapis.com/v1beta1/projects/whatsapp-clone-2384a 200
[debug] [2022-07-03T22:05:00.506Z] <<< [apiv2][body] GET https://firebase.googleapis.com/v1beta1/projects/whatsapp-clone-2384a {"projectId":"whatsapp-clone-2384a","projectNumber":"885310802998","displayName":"Whatsapp-clone","name":"projects/whatsapp-clone-2384a","resources":{"hostingSite":"whatsapp-clone-2384a","storageBucket":"whatsapp-clone-2384a.appspot.com","locationId":"us-central"},"state":"ACTIVE"}
[info] i  Using project whatsapp-clone-2384a (Whatsapp-clone) 
[info] 
=== Hosting Setup
[info] 
[info] Your public directory is the folder (relative to your project directory) that
[info] will contain Hosting assets to be uploaded with firebase deploy. If you
[info] have a build process for your assets, use your build's output directory.
[info] 
